<?xml version="1.0" encoding="UTF-8"?>
<!-- Generated by org.testng.reporters.JUnitReportReporter -->
<testsuite hostname="IIPLLAP0078" failures="0" tests="2" name="basics.Demo2" time="0.011" errors="0" timestamp="2023-12-07T20:02:50 IST" skipped="0">
  <testcase classname="basics.Demo2" name="ruralLocalBody" time="0.005"/>
  <system-out/>
  <testcase classname="basics.Demo2" name="ruralDepartmentUser" time="0.006"/>
  <system-out/>
</testsuite> <!-- basics.Demo2 -->
