<?xml version="1.0" encoding="UTF-8"?>
<!-- Generated by org.testng.reporters.JUnitReportReporter -->
<testsuite hostname="IIPLLAP0078" failures="0" tests="3" name="basics.Demo3" time="0.024" errors="0" timestamp="2023-12-07T20:02:50 IST" skipped="1">
  <testcase classname="basics.Demo3" name="townDepartmentUser" time="0.010"/>
  <system-out/>
  <testcase classname="basics.Demo3" name="townCitizenLogin" time="0.014"/>
  <system-out/>
  <testcase classname="basics.Demo3" name="townLocalBody">
    <skipped/>
  </testcase> <!-- townLocalBody -->
  <system-out/>
</testsuite> <!-- basics.Demo3 -->
