<?xml version="1.0" encoding="UTF-8"?>
<!-- Generated by org.testng.reporters.JUnitReportReporter -->
<testsuite hostname="IIPLLAP0078" failures="0" tests="2" name="basics.Demo1" time="0.031" errors="0" timestamp="2023-12-07T20:02:50 IST" skipped="0">
  <testcase classname="basics.Demo1" name="test1" time="0.021"/>
  <system-out/>
  <testcase classname="basics.Demo1" name="test2" time="0.010"/>
  <system-out/>
</testsuite> <!-- basics.Demo1 -->
