<?xml version="1.0" encoding="UTF-8"?>
<!-- Generated by org.testng.reporters.JUnitReportReporter -->
<testsuite hostname="IIPLLAP0078" failures="0" tests="4" name="basics.Format" time="0.045" errors="0" timestamp="2023-12-07T20:02:50 IST" skipped="0">
  <testcase classname="basics.Format" name="dpanotation" time="0.007"/>
  <system-out/>
  <testcase classname="basics.Format" name="Demo" time="0.009"/>
  <system-out/>
  <testcase classname="basics.Format" name="dpanotation" time="0.020"/>
  <system-out/>
  <testcase classname="basics.Format" name="dpanotation" time="0.009"/>
  <system-out/>
</testsuite> <!-- basics.Format -->
